<?xml version="1.0" encoding="UTF-8"?>
<!-- Generated by org.testng.reporters.JUnitXMLReporter -->
<testsuite ignored="2" hostname="Dell-PC" failures="0" tests="1" name="Test" time="0.059" errors="0" timestamp="2022-10-31T13:20:42 IST">
  <testcase classname="com.instagram.testCases.BaseClass" name="@BeforeTest setup" time="-1.667202642591E9">
    <failure type="org.testng.TestNGException" message="
Parameter &amp;apos;browser&amp;apos; is required by BeforeTest on method setup but has not been marked @Optional or defined
in C:\Users\Harshad &amp;amp; Pratik\eclipse-workspace\InstagramProject\testng.xml">
      <![CDATA[org.testng.TestNGException: 
Parameter 'browser' is required by BeforeTest on method setup but has not been marked @Optional or defined
in C:\Users\Harshad & Pratik\eclipse-workspace\InstagramProject\testng.xml
... Removed 21 stack frames]]>
    </failure>
  </testcase> <!-- @BeforeTest setup -->
  <testcase classname="com.instagram.testCases.TC_LoginTest_1234" name="@BeforeClass createPageObjects" time="-1.667202642616E9">
    <skipped/>
  </testcase> <!-- @BeforeClass createPageObjects -->
  <testcase classname="com.instagram.testCases.TC_LoginTest_1234" name="@AfterMethod logoutFromApplication" time="-1.667202642636E9">
    <skipped/>
  </testcase> <!-- @AfterMethod logoutFromApplication -->
  <testcase classname="com.instagram.testCases.TC_LoginTest_1234" name="@AfterClass clearPageObjects" time="-1.667202642639E9">
    <skipped/>
  </testcase> <!-- @AfterClass clearPageObjects -->
  <testcase classname="com.instagram.testCases.BaseClass" name="@AfterTest tearDown" time="-1.667202642642E9">
    <skipped/>
  </testcase> <!-- @AfterTest tearDown -->
  <testcase classname="com.instagram.testCases.TC_LoginTest_1234" name="loginTest" time="0.0">
    <skipped/>
  </testcase> <!-- loginTest -->
  <testcase classname="com.instagram.testCases.BaseClass" name="@AfterTest tearDown" time="0.0">
    <ignored/>
  </testcase> <!-- @AfterTest tearDown -->
  <testcase classname="com.instagram.testCases.BaseClass" name="@BeforeTest setup" time="0.0">
    <ignored/>
  </testcase> <!-- @BeforeTest setup -->
</testsuite> <!-- Test -->
